# JRE version: Java(TM) SE Runtime Environment (7.0_60-b19) (build 1.7.0_60-b19)
# Java VM: Java HotSpot(TM) Client VM (24.60-b09 mixed mode linux-arm )
Heap
 def new generation   total 4480K, used 4063K [0x61800000, 0x61cc0000, 0x66540000)
  eden space 4096K,  93% used [0x61800000, 0x61bbf170, 0x61c00000)
  from space 384K,  59% used [0x61c00000, 0x61c38ad8, 0x61c60000)
  to   space 384K,   0% used [0x61c60000, 0x61c60000, 0x61cc0000)
 tenured generation   total 9984K, used 3675K [0x66540000, 0x66f00000, 0x70000000)
   the space 9984K,  36% used [0x66540000, 0x668d6db0, 0x668d6e00, 0x66f00000)
 compacting perm gen  total 12288K, used 5625K [0x70000000, 0x70c00000, 0x74000000)
   the space 12288K,  45% used [0x70000000, 0x7057e7a0, 0x7057e800, 0x70c00000)
GC Heap History (10 events):
Event: 17.979 GC heap before
{Heap before GC invocations=7 (full 0):
 def new generation   total 4480K, used 4359K [0x61800000, 0x61cc0000, 0x66540000)
  eden space 4096K, 100% used [0x61800000, 0x61c00000, 0x61c00000)
  from space 384K,  68% used [0x61c60000, 0x61ca1c98, 0x61cc0000)
  to   space 384K,   0% used [0x61c00000, 0x61c00000, 0x61c60000)
 tenured generation   total 9984K, used 3108K [0x66540000, 0x66f00000, 0x70000000)
   the space 9984K,  31% used [0x66540000, 0x66849360, 0x66849400, 0x66f00000)
 compacting perm gen  total 12288K, used 5625K [0x70000000, 0x70c00000, 0x74000000)
   the space 12288K,  45% used [0x70000000, 0x7057e750, 0x7057e800, 0x70c00000)
No shared spaces configured.
Event: 18.000 GC heap after
Heap after GC invocations=8 (full 0):
 def new generation   total 4480K, used 231K [0x61800000, 0x61cc0000, 0x66540000)
  eden space 4096K,   0% used [0x61800000, 0x61800000, 0x61c00000)
  from space 384K,  60% used [0x61c00000, 0x61c39c30, 0x61c60000)
  to   space 384K,   0% used [0x61c60000, 0x61c60000, 0x61cc0000)
 tenured generation   total 9984K, used 3231K [0x66540000, 0x66f00000, 0x70000000)
   the space 9984K,  32% used [0x66540000, 0x66867fc0, 0x66868000, 0x66f00000)
 compacting perm gen  total 12288K, used 5625K [0x70000000, 0x70c00000, 0x74000000)
   the space 12288K,  45% used [0x70000000, 0x7057e750, 0x7057e800, 0x70c00000)
No shared spaces configured.
}
Event: 19.270 GC heap before
{Heap before GC invocations=8 (full 0):
 def new generation   total 4480K, used 4327K [0x61800000, 0x61cc0000, 0x66540000)
  eden space 4096K, 100% used [0x61800000, 0x61c00000, 0x61c00000)
  from space 384K,  60% used [0x61c00000, 0x61c39c30, 0x61c60000)
  to   space 384K,   0% used [0x61c60000, 0x61c60000, 0x61cc0000)
 tenured generation   total 9984K, used 3231K [0x66540000, 0x66f00000, 0x70000000)
   the space 9984K,  32% used [0x66540000, 0x66867fc0, 0x66868000, 0x66f00000)
 compacting perm gen  total 12288K, used 5625K [0x70000000, 0x70c00000, 0x74000000)
   the space 12288K,  45% used [0x70000000, 0x7057e7a0, 0x7057e800, 0x70c00000)
No shared spaces configured.
Event: 19.288 GC heap after
Heap after GC invocations=9 (full 0):
 def new generation   total 4480K, used 243K [0x61800000, 0x61cc0000, 0x66540000)
  eden space 4096K,   0% used [0x61800000, 0x61800000, 0x61c00000)
  from space 384K,  63% used [0x61c60000, 0x61c9cf80, 0x61cc0000)
  to   space 384K,   0% used [0x61c00000, 0x61c00000, 0x61c60000)
 tenured generation   total 9984K, used 3325K [0x66540000, 0x66f00000, 0x70000000)
   the space 9984K,  33% used [0x66540000, 0x6687f478, 0x6687f600, 0x66f00000)
 compacting perm gen  total 12288K, used 5625K [0x70000000, 0x70c00000, 0x74000000)
   the space 12288K,  45% used [0x70000000, 0x7057e7a0, 0x7057e800, 0x70c00000)
No shared spaces configured.
}
Event: 20.512 GC heap before
{Heap before GC invocations=9 (full 0):
 def new generation   total 4480K, used 4339K [0x61800000, 0x61cc0000, 0x66540000)
  eden space 4096K, 100% used [0x61800000, 0x61c00000, 0x61c00000)
  from space 384K,  63% used [0x61c60000, 0x61c9cf80, 0x61cc0000)
  to   space 384K,   0% used [0x61c00000, 0x61c00000, 0x61c60000)
 tenured generation   total 9984K, used 3325K [0x66540000, 0x66f00000, 0x70000000)
   the space 9984K,  33% used [0x66540000, 0x6687f478, 0x6687f600, 0x66f00000)
 compacting perm gen  total 12288K, used 5625K [0x70000000, 0x70c00000, 0x74000000)
   the space 12288K,  45% used [0x70000000, 0x7057e7a0, 0x7057e800, 0x70c00000)
No shared spaces configured.
Event: 20.534 GC heap after
Heap after GC invocations=10 (full 0):
 def new generation   total 4480K, used 239K [0x61800000, 0x61cc0000, 0x66540000)
  eden space 4096K,   0% used [0x61800000, 0x61800000, 0x61c00000)
  from space 384K,  62% used [0x61c00000, 0x61c3bf80, 0x61c60000)
  to   space 384K,   0% used [0x61c60000, 0x61c60000, 0x61cc0000)
 tenured generation   total 9984K, used 3437K [0x66540000, 0x66f00000, 0x70000000)
   the space 9984K,  34% used [0x66540000, 0x6689b5c0, 0x6689b600, 0x66f00000)
 compacting perm gen  total 12288K, used 5625K [0x70000000, 0x70c00000, 0x74000000)
   the space 12288K,  45% used [0x70000000, 0x7057e7a0, 0x7057e800, 0x70c00000)
No shared spaces configured.
}
Event: 21.917 GC heap before
{Heap before GC invocations=10 (full 0):
 def new generation   total 4480K, used 4335K [0x61800000, 0x61cc0000, 0x66540000)
  eden space 4096K, 100% used [0x61800000, 0x61c00000, 0x61c00000)
  from space 384K,  62% used [0x61c00000, 0x61c3bf80, 0x61c60000)
  to   space 384K,   0% used [0x61c60000, 0x61c60000, 0x61cc0000)
 tenured generation   total 9984K, used 3437K [0x66540000, 0x66f00000, 0x70000000)
   the space 9984K,  34% used [0x66540000, 0x6689b5c0, 0x6689b600, 0x66f00000)
 compacting perm gen  total 12288K, used 5625K [0x70000000, 0x70c00000, 0x74000000)
   the space 12288K,  45% used [0x70000000, 0x7057e7a0, 0x7057e800, 0x70c00000)
No shared spaces configured.
Event: 21.951 GC heap after
Heap after GC invocations=11 (full 0):
 def new generation   total 4480K, used 231K [0x61800000, 0x61cc0000, 0x66540000)
  eden space 4096K,   0% used [0x61800000, 0x61800000, 0x61c00000)
  from space 384K,  60% used [0x61c60000, 0x61c99c18, 0x61cc0000)
  to   space 384K,   0% used [0x61c00000, 0x61c00000, 0x61c60000)
 tenured generation   total 9984K, used 3559K [0x66540000, 0x66f00000, 0x70000000)
   the space 9984K,  35% used [0x66540000, 0x668b9c48, 0x668b9e00, 0x66f00000)
 compacting perm gen  total 12288K, used 5625K [0x70000000, 0x70c00000, 0x74000000)
   the space 12288K,  45% used [0x70000000, 0x7057e7a0, 0x7057e800, 0x70c00000)
No shared spaces configured.
}
Event: 24.079 GC heap before
{Heap before GC invocations=11 (full 0):
 def new generation   total 4480K, used 4327K [0x61800000, 0x61cc0000, 0x66540000)
  eden space 4096K, 100% used [0x61800000, 0x61c00000, 0x61c00000)
  from space 384K,  60% used [0x61c60000, 0x61c99c18, 0x61cc0000)
  to   space 384K,   0% used [0x61c00000, 0x61c00000, 0x61c60000)
 tenured generation   total 9984K, used 3559K [0x66540000, 0x66f00000, 0x70000000)
   the space 9984K,  35% used [0x66540000, 0x668b9c48, 0x668b9e00, 0x66f00000)
 compacting perm gen  total 12288K, used 5625K [0x70000000, 0x70c00000, 0x74000000)
   the space 12288K,  45% used [0x70000000, 0x7057e7a0, 0x7057e800, 0x70c00000)
No shared spaces configured.
Event: 24.099 GC heap after
Heap after GC invocations=12 (full 0):
 def new generation   total 4480K, used 226K [0x61800000, 0x61cc0000, 0x66540000)
  eden space 4096K,   0% used [0x61800000, 0x61800000, 0x61c00000)
  from space 384K,  59% used [0x61c00000, 0x61c38ad8, 0x61c60000)
  to   space 384K,   0% used [0x61c60000, 0x61c60000, 0x61cc0000)
 tenured generation   total 9984K, used 3675K [0x66540000, 0x66f00000, 0x70000000)
   the space 9984K,  36% used [0x66540000, 0x668d6db0, 0x668d6e00, 0x66f00000)
 compacting perm gen  total 12288K, used 5625K [0x70000000, 0x70c00000, 0x74000000)
   the space 12288K,  45% used [0x70000000, 0x7057e7a0, 0x7057e800, 0x70c00000)
No shared spaces configured.
}

