# JRE version: Java(TM) SE Runtime Environment (7.0_60-b19) (build 1.7.0_60-b19)
# Java VM: Java HotSpot(TM) Client VM (24.60-b09 mixed mode linux-arm )
Heap
 def new generation   total 4480K, used 3976K [0x61800000, 0x61cc0000, 0x66540000)
  eden space 4096K,  94% used [0x61800000, 0x61bc39f8, 0x61c00000)
  from space 384K,  31% used [0x61c00000, 0x61c1e960, 0x61c60000)
  to   space 384K,   0% used [0x61c60000, 0x61c60000, 0x61cc0000)
 tenured generation   total 9984K, used 3912K [0x66540000, 0x66f00000, 0x70000000)
   the space 9984K,  39% used [0x66540000, 0x66912070, 0x66912200, 0x66f00000)
 compacting perm gen  total 12288K, used 7285K [0x70000000, 0x70c00000, 0x74000000)
   the space 12288K,  59% used [0x70000000, 0x7071d440, 0x7071d600, 0x70c00000)
GC Heap History (10 events):
Event: 33.614 GC heap before
{Heap before GC invocations=9 (full 0):
 def new generation   total 4480K, used 4478K [0x61800000, 0x61cc0000, 0x66540000)
  eden space 4096K, 100% used [0x61800000, 0x61c00000, 0x61c00000)
  from space 384K,  99% used [0x61c60000, 0x61cbf880, 0x61cc0000)
  to   space 384K,   0% used [0x61c00000, 0x61c00000, 0x61c60000)
 tenured generation   total 9984K, used 3343K [0x66540000, 0x66f00000, 0x70000000)
   the space 9984K,  33% used [0x66540000, 0x66883df0, 0x66883e00, 0x66f00000)
 compacting perm gen  total 12288K, used 7260K [0x70000000, 0x70c00000, 0x74000000)
   the space 12288K,  59% used [0x70000000, 0x70717068, 0x70717200, 0x70c00000)
No shared spaces configured.
Event: 33.645 GC heap after
Heap after GC invocations=10 (full 0):
 def new generation   total 4480K, used 363K [0x61800000, 0x61cc0000, 0x66540000)
  eden space 4096K,   0% used [0x61800000, 0x61800000, 0x61c00000)
  from space 384K,  94% used [0x61c00000, 0x61c5ae90, 0x61c60000)
  to   space 384K,   0% used [0x61c60000, 0x61c60000, 0x61cc0000)
 tenured generation   total 9984K, used 3600K [0x66540000, 0x66f00000, 0x70000000)
   the space 9984K,  36% used [0x66540000, 0x668c40f8, 0x668c4200, 0x66f00000)
 compacting perm gen  total 12288K, used 7260K [0x70000000, 0x70c00000, 0x74000000)
   the space 12288K,  59% used [0x70000000, 0x70717068, 0x70717200, 0x70c00000)
No shared spaces configured.
}
Event: 37.716 GC heap before
{Heap before GC invocations=10 (full 0):
 def new generation   total 4480K, used 4459K [0x61800000, 0x61cc0000, 0x66540000)
  eden space 4096K, 100% used [0x61800000, 0x61c00000, 0x61c00000)
  from space 384K,  94% used [0x61c00000, 0x61c5ae90, 0x61c60000)
  to   space 384K,   0% used [0x61c60000, 0x61c60000, 0x61cc0000)
 tenured generation   total 9984K, used 3600K [0x66540000, 0x66f00000, 0x70000000)
   the space 9984K,  36% used [0x66540000, 0x668c40f8, 0x668c4200, 0x66f00000)
 compacting perm gen  total 12288K, used 7264K [0x70000000, 0x70c00000, 0x74000000)
   the space 12288K,  59% used [0x70000000, 0x707182f0, 0x70718400, 0x70c00000)
No shared spaces configured.
Event: 37.729 GC heap after
Heap after GC invocations=11 (full 0):
 def new generation   total 4480K, used 54K [0x61800000, 0x61cc0000, 0x66540000)
  eden space 4096K,   0% used [0x61800000, 0x61800000, 0x61c00000)
  from space 384K,  14% used [0x61c60000, 0x61c6dbc8, 0x61cc0000)
  to   space 384K,   0% used [0x61c00000, 0x61c00000, 0x61c60000)
 tenured generation   total 9984K, used 3727K [0x66540000, 0x66f00000, 0x70000000)
   the space 9984K,  37% used [0x66540000, 0x668e3d80, 0x668e3e00, 0x66f00000)
 compacting perm gen  total 12288K, used 7264K [0x70000000, 0x70c00000, 0x74000000)
   the space 12288K,  59% used [0x70000000, 0x707182f0, 0x70718400, 0x70c00000)
No shared spaces configured.
}
Event: 38.185 GC heap before
{Heap before GC invocations=11 (full 0):
 def new generation   total 4480K, used 4150K [0x61800000, 0x61cc0000, 0x66540000)
  eden space 4096K, 100% used [0x61800000, 0x61c00000, 0x61c00000)
  from space 384K,  14% used [0x61c60000, 0x61c6dbc8, 0x61cc0000)
  to   space 384K,   0% used [0x61c00000, 0x61c00000, 0x61c60000)
 tenured generation   total 9984K, used 3727K [0x66540000, 0x66f00000, 0x70000000)
   the space 9984K,  37% used [0x66540000, 0x668e3d80, 0x668e3e00, 0x66f00000)
 compacting perm gen  total 12288K, used 7264K [0x70000000, 0x70c00000, 0x74000000)
   the space 12288K,  59% used [0x70000000, 0x707182f0, 0x70718400, 0x70c00000)
No shared spaces configured.
Event: 38.197 GC heap after
Heap after GC invocations=12 (full 0):
 def new generation   total 4480K, used 198K [0x61800000, 0x61cc0000, 0x66540000)
  eden space 4096K,   0% used [0x61800000, 0x61800000, 0x61c00000)
  from space 384K,  51% used [0x61c00000, 0x61c319a0, 0x61c60000)
  to   space 384K,   0% used [0x61c60000, 0x61c60000, 0x61cc0000)
 tenured generation   total 9984K, used 3727K [0x66540000, 0x66f00000, 0x70000000)
   the space 9984K,  37% used [0x66540000, 0x668e3d80, 0x668e3e00, 0x66f00000)
 compacting perm gen  total 12288K, used 7264K [0x70000000, 0x70c00000, 0x74000000)
   the space 12288K,  59% used [0x70000000, 0x707182f0, 0x70718400, 0x70c00000)
No shared spaces configured.
}
Event: 41.531 GC heap before
{Heap before GC invocations=12 (full 0):
 def new generation   total 4480K, used 4294K [0x61800000, 0x61cc0000, 0x66540000)
  eden space 4096K, 100% used [0x61800000, 0x61c00000, 0x61c00000)
  from space 384K,  51% used [0x61c00000, 0x61c319a0, 0x61c60000)
  to   space 384K,   0% used [0x61c60000, 0x61c60000, 0x61cc0000)
 tenured generation   total 9984K, used 3727K [0x66540000, 0x66f00000, 0x70000000)
   the space 9984K,  37% used [0x66540000, 0x668e3d80, 0x668e3e00, 0x66f00000)
 compacting perm gen  total 12288K, used 7280K [0x70000000, 0x70c00000, 0x74000000)
   the space 12288K,  59% used [0x70000000, 0x7071c2f0, 0x7071c400, 0x70c00000)
No shared spaces configured.
Event: 41.555 GC heap after
Heap after GC invocations=13 (full 0):
 def new generation   total 4480K, used 222K [0x61800000, 0x61cc0000, 0x66540000)
  eden space 4096K,   0% used [0x61800000, 0x61800000, 0x61c00000)
  from space 384K,  58% used [0x61c60000, 0x61c97b48, 0x61cc0000)
  to   space 384K,   0% used [0x61c00000, 0x61c00000, 0x61c60000)
 tenured generation   total 9984K, used 3774K [0x66540000, 0x66f00000, 0x70000000)
   the space 9984K,  37% used [0x66540000, 0x668ef980, 0x668efa00, 0x66f00000)
 compacting perm gen  total 12288K, used 7280K [0x70000000, 0x70c00000, 0x74000000)
   the space 12288K,  59% used [0x70000000, 0x7071c2f0, 0x7071c400, 0x70c00000)
No shared spaces configured.
}
Event: 49.260 GC heap before
{Heap before GC invocations=13 (full 0):
 def new generation   total 4480K, used 4318K [0x61800000, 0x61cc0000, 0x66540000)
  eden space 4096K, 100% used [0x61800000, 0x61c00000, 0x61c00000)
  from space 384K,  58% used [0x61c60000, 0x61c97b48, 0x61cc0000)
  to   space 384K,   0% used [0x61c00000, 0x61c00000, 0x61c60000)
 tenured generation   total 9984K, used 3774K [0x66540000, 0x66f00000, 0x70000000)
   the space 9984K,  37% used [0x66540000, 0x668ef980, 0x668efa00, 0x66f00000)
 compacting perm gen  total 12288K, used 7284K [0x70000000, 0x70c00000, 0x74000000)
   the space 12288K,  59% used [0x70000000, 0x7071d060, 0x7071d200, 0x70c00000)
No shared spaces configured.
Event: 49.294 GC heap after
Heap after GC invocations=14 (full 0):
 def new generation   total 4480K, used 122K [0x61800000, 0x61cc0000, 0x66540000)
  eden space 4096K,   0% used [0x61800000, 0x61800000, 0x61c00000)
  from space 384K,  31% used [0x61c00000, 0x61c1e960, 0x61c60000)
  to   space 384K,   0% used [0x61c60000, 0x61c60000, 0x61cc0000)
 tenured generation   total 9984K, used 3912K [0x66540000, 0x66f00000, 0x70000000)
   the space 9984K,  39% used [0x66540000, 0x66912070, 0x66912200, 0x66f00000)
 compacting perm gen  total 12288K, used 7284K [0x70000000, 0x70c00000, 0x74000000)
   the space 12288K,  59% used [0x70000000, 0x7071d060, 0x7071d200, 0x70c00000)
No shared spaces configured.
}

