# JRE version: Java(TM) SE Runtime Environment (7.0_60-b19) (build 1.7.0_60-b19)
# Java VM: Java HotSpot(TM) Client VM (24.60-b09 mixed mode linux-arm )
Heap
 def new generation   total 4480K, used 3041K [0x61800000, 0x61cc0000, 0x66540000)
  eden space 4096K,  69% used [0x61800000, 0x61ac83d0, 0x61c00000)
  from space 384K,  50% used [0x61c60000, 0x61c901e8, 0x61cc0000)
  to   space 384K,   0% used [0x61c00000, 0x61c00000, 0x61c60000)
 tenured generation   total 9984K, used 4741K [0x66540000, 0x66f00000, 0x70000000)
   the space 9984K,  47% used [0x66540000, 0x669e1610, 0x669e1800, 0x66f00000)
 compacting perm gen  total 12288K, used 7342K [0x70000000, 0x70c00000, 0x74000000)
   the space 12288K,  59% used [0x70000000, 0x7072ba18, 0x7072bc00, 0x70c00000)
GC Heap History (10 events):
Event: 48.441 GC heap before
{Heap before GC invocations=16 (full 0):
 def new generation   total 4480K, used 4336K [0x61800000, 0x61cc0000, 0x66540000)
  eden space 4096K, 100% used [0x61800000, 0x61c00000, 0x61c00000)
  from space 384K,  62% used [0x61c00000, 0x61c3c0b0, 0x61c60000)
  to   space 384K,   0% used [0x61c60000, 0x61c60000, 0x61cc0000)
 tenured generation   total 9984K, used 4262K [0x66540000, 0x66f00000, 0x70000000)
   the space 9984K,  42% used [0x66540000, 0x66969b18, 0x66969c00, 0x66f00000)
 compacting perm gen  total 12288K, used 7338K [0x70000000, 0x70c00000, 0x74000000)
   the space 12288K,  59% used [0x70000000, 0x7072abe8, 0x7072ac00, 0x70c00000)
No shared spaces configured.
Event: 48.466 GC heap after
Heap after GC invocations=17 (full 0):
 def new generation   total 4480K, used 230K [0x61800000, 0x61cc0000, 0x66540000)
  eden space 4096K,   0% used [0x61800000, 0x61800000, 0x61c00000)
  from space 384K,  60% used [0x61c60000, 0x61c99aa8, 0x61cc0000)
  to   space 384K,   0% used [0x61c00000, 0x61c00000, 0x61c60000)
 tenured generation   total 9984K, used 4376K [0x66540000, 0x66f00000, 0x70000000)
   the space 9984K,  43% used [0x66540000, 0x66986148, 0x66986200, 0x66f00000)
 compacting perm gen  total 12288K, used 7338K [0x70000000, 0x70c00000, 0x74000000)
   the space 12288K,  59% used [0x70000000, 0x7072abe8, 0x7072ac00, 0x70c00000)
No shared spaces configured.
}
Event: 52.300 GC heap before
{Heap before GC invocations=17 (full 0):
 def new generation   total 4480K, used 4326K [0x61800000, 0x61cc0000, 0x66540000)
  eden space 4096K,  99% used [0x61800000, 0x61bfffc8, 0x61c00000)
  from space 384K,  60% used [0x61c60000, 0x61c99aa8, 0x61cc0000)
  to   space 384K,   0% used [0x61c00000, 0x61c00000, 0x61c60000)
 tenured generation   total 9984K, used 4376K [0x66540000, 0x66f00000, 0x70000000)
   the space 9984K,  43% used [0x66540000, 0x66986148, 0x66986200, 0x66f00000)
 compacting perm gen  total 12288K, used 7338K [0x70000000, 0x70c00000, 0x74000000)
   the space 12288K,  59% used [0x70000000, 0x7072abe8, 0x7072ac00, 0x70c00000)
No shared spaces configured.
Event: 52.315 GC heap after
Heap after GC invocations=18 (full 0):
 def new generation   total 4480K, used 152K [0x61800000, 0x61cc0000, 0x66540000)
  eden space 4096K,   0% used [0x61800000, 0x61800000, 0x61c00000)
  from space 384K,  39% used [0x61c00000, 0x61c26188, 0x61c60000)
  to   space 384K,   0% used [0x61c60000, 0x61c60000, 0x61cc0000)
 tenured generation   total 9984K, used 4491K [0x66540000, 0x66f00000, 0x70000000)
   the space 9984K,  44% used [0x66540000, 0x669a2d08, 0x669a2e00, 0x66f00000)
 compacting perm gen  total 12288K, used 7338K [0x70000000, 0x70c00000, 0x74000000)
   the space 12288K,  59% used [0x70000000, 0x7072abe8, 0x7072ac00, 0x70c00000)
No shared spaces configured.
}
Event: 54.210 GC heap before
{Heap before GC invocations=18 (full 0):
 def new generation   total 4480K, used 4248K [0x61800000, 0x61cc0000, 0x66540000)
  eden space 4096K, 100% used [0x61800000, 0x61c00000, 0x61c00000)
  from space 384K,  39% used [0x61c00000, 0x61c26188, 0x61c60000)
  to   space 384K,   0% used [0x61c60000, 0x61c60000, 0x61cc0000)
 tenured generation   total 9984K, used 4491K [0x66540000, 0x66f00000, 0x70000000)
   the space 9984K,  44% used [0x66540000, 0x669a2d08, 0x669a2e00, 0x66f00000)
 compacting perm gen  total 12288K, used 7342K [0x70000000, 0x70c00000, 0x74000000)
   the space 12288K,  59% used [0x70000000, 0x7072ba18, 0x7072bc00, 0x70c00000)
No shared spaces configured.
Event: 54.227 GC heap after
Heap after GC invocations=19 (full 0):
 def new generation   total 4480K, used 256K [0x61800000, 0x61cc0000, 0x66540000)
  eden space 4096K,   0% used [0x61800000, 0x61800000, 0x61c00000)
  from space 384K,  66% used [0x61c60000, 0x61ca00a8, 0x61cc0000)
  to   space 384K,   0% used [0x61c00000, 0x61c00000, 0x61c60000)
 tenured generation   total 9984K, used 4491K [0x66540000, 0x66f00000, 0x70000000)
   the space 9984K,  44% used [0x66540000, 0x669a2d08, 0x669a2e00, 0x66f00000)
 compacting perm gen  total 12288K, used 7342K [0x70000000, 0x70c00000, 0x74000000)
   the space 12288K,  59% used [0x70000000, 0x7072ba18, 0x7072bc00, 0x70c00000)
No shared spaces configured.
}
Event: 55.990 GC heap before
{Heap before GC invocations=19 (full 0):
 def new generation   total 4480K, used 4352K [0x61800000, 0x61cc0000, 0x66540000)
  eden space 4096K, 100% used [0x61800000, 0x61c00000, 0x61c00000)
  from space 384K,  66% used [0x61c60000, 0x61ca00a8, 0x61cc0000)
  to   space 384K,   0% used [0x61c00000, 0x61c00000, 0x61c60000)
 tenured generation   total 9984K, used 4491K [0x66540000, 0x66f00000, 0x70000000)
   the space 9984K,  44% used [0x66540000, 0x669a2d08, 0x669a2e00, 0x66f00000)
 compacting perm gen  total 12288K, used 7342K [0x70000000, 0x70c00000, 0x74000000)
   the space 12288K,  59% used [0x70000000, 0x7072ba18, 0x7072bc00, 0x70c00000)
No shared spaces configured.
Event: 56.015 GC heap after
Heap after GC invocations=20 (full 0):
 def new generation   total 4480K, used 277K [0x61800000, 0x61cc0000, 0x66540000)
  eden space 4096K,   0% used [0x61800000, 0x61800000, 0x61c00000)
  from space 384K,  72% used [0x61c00000, 0x61c45648, 0x61c60000)
  to   space 384K,   0% used [0x61c60000, 0x61c60000, 0x61cc0000)
 tenured generation   total 9984K, used 4602K [0x66540000, 0x66f00000, 0x70000000)
   the space 9984K,  46% used [0x66540000, 0x669bea78, 0x669bec00, 0x66f00000)
 compacting perm gen  total 12288K, used 7342K [0x70000000, 0x70c00000, 0x74000000)
   the space 12288K,  59% used [0x70000000, 0x7072ba18, 0x7072bc00, 0x70c00000)
No shared spaces configured.
}
Event: 57.860 GC heap before
{Heap before GC invocations=20 (full 0):
 def new generation   total 4480K, used 4373K [0x61800000, 0x61cc0000, 0x66540000)
  eden space 4096K, 100% used [0x61800000, 0x61c00000, 0x61c00000)
  from space 384K,  72% used [0x61c00000, 0x61c45648, 0x61c60000)
  to   space 384K,   0% used [0x61c60000, 0x61c60000, 0x61cc0000)
 tenured generation   total 9984K, used 4602K [0x66540000, 0x66f00000, 0x70000000)
   the space 9984K,  46% used [0x66540000, 0x669bea78, 0x669bec00, 0x66f00000)
 compacting perm gen  total 12288K, used 7342K [0x70000000, 0x70c00000, 0x74000000)
   the space 12288K,  59% used [0x70000000, 0x7072ba18, 0x7072bc00, 0x70c00000)
No shared spaces configured.
Event: 57.881 GC heap after
Heap after GC invocations=21 (full 0):
 def new generation   total 4480K, used 192K [0x61800000, 0x61cc0000, 0x66540000)
  eden space 4096K,   0% used [0x61800000, 0x61800000, 0x61c00000)
  from space 384K,  50% used [0x61c60000, 0x61c901e8, 0x61cc0000)
  to   space 384K,   0% used [0x61c00000, 0x61c00000, 0x61c60000)
 tenured generation   total 9984K, used 4741K [0x66540000, 0x66f00000, 0x70000000)
   the space 9984K,  47% used [0x66540000, 0x669e1610, 0x669e1800, 0x66f00000)
 compacting perm gen  total 12288K, used 7342K [0x70000000, 0x70c00000, 0x74000000)
   the space 12288K,  59% used [0x70000000, 0x7072ba18, 0x7072bc00, 0x70c00000)
No shared spaces configured.
}

